[15Sep2025 00:00:10.710] [Server thread/INFO] [net.minecraft.server.MinecraftServer/]: Tetramand has reached the goal [When the Stew is Sus]
[15Sep2025 00:00:31.058] [Server thread/INFO] [net.minecraft.server.network.ServerGamePacketListenerImpl/]: srestrepoj lost connection: Disconnected
[15Sep2025 00:00:31.058] [Server thread/INFO] [net.minecraft.server.MinecraftServer/]: Tetramand left the game
[15Sep2025 00:04:04.708] [Server thread/INFO] [net.minecraft.server.MinecraftServer/]: Petrosapien has made the advancement [Fisherman's Lodge]
[15Sep2025 00:06:20.657] [Server thread/INFO] [net.minecraft.server.MinecraftServer/]: Petrosapien has made the advancement [Eye of The Storm]
[15Sep2025 00:09:12.318] [Server thread/INFO] [net.minecraft.server.MinecraftServer/]: Petrosapien has made the advancement [Rigged from the Start]
[15Sep2025 00:09:52.394] [Server thread/WARN] [net.minecraft.server.MinecraftServer/]: Can't keep up! Is the server overloaded? Running 5403ms or 108 ticks behind
[15Sep2025 00:09:52.429] [Server thread/WARN] [net.minecraft.server.network.ServerGamePacketListenerImpl/]: Yulian0089 moved too quickly! 4.096119639441895,-5.075593079898383,8.17825037850389
[15Sep2025 00:10:33.133] [Server thread/WARN] [net.minecraft.server.network.ServerGamePacketListenerImpl/]: Yulian0089 moved wrongly!
[15Sep2025 00:11:38.856] [Server thread/INFO] [net.minecraft.server.MinecraftServer/]: Stopping server
[15Sep2025 00:11:38.870] [Server thread/INFO] [net.minecraft.server.MinecraftServer/]: Saving players
[15Sep2025 00:11:38.924] [Server thread/INFO] [net.minecraft.server.network.ServerGamePacketListenerImpl/]: Yulian0089 lost connection: Server closed
[15Sep2025 00:11:38.924] [Server thread/INFO] [net.minecraft.server.MinecraftServer/]: Petrosapien left the game
[15Sep2025 00:11:38.950] [Server thread/INFO] [net.minecraft.server.MinecraftServer/]: Saving worlds
[15Sep2025 00:11:39.326] [Server thread/INFO] [net.minecraft.server.MinecraftServer/]: Saving chunks for level 'ServerLevel[world]'/minecraft:overworld
[15Sep2025 00:11:40.578] [Server thread/INFO] [net.minecraft.server.MinecraftServer/]: Saving chunks for level 'ServerLevel[world]'/ad_astra:moon_orbit
[15Sep2025 00:11:40.579] [Server thread/INFO] [net.minecraft.server.MinecraftServer/]: Saving chunks for level 'ServerLevel[world]'/ad_astra:earth_orbit
[15Sep2025 00:11:40.580] [Server thread/INFO] [net.minecraft.server.MinecraftServer/]: Saving chunks for level 'ServerLevel[world]'/ad_astra:glacio
[15Sep2025 00:11:40.581] [Server thread/INFO] [net.minecraft.server.MinecraftServer/]: Saving chunks for level 'ServerLevel[world]'/ad_astra:mercury_orbit
[15Sep2025 00:11:40.582] [Server thread/INFO] [net.minecraft.server.MinecraftServer/]: Saving chunks for level 'ServerLevel[world]'/minecraft:the_end
[15Sep2025 00:11:40.583] [Server thread/INFO] [net.minecraft.server.MinecraftServer/]: Saving chunks for level 'ServerLevel[world]'/ad_astra:mars
[15Sep2025 00:11:40.584] [Server thread/INFO] [net.minecraft.server.MinecraftServer/]: Saving chunks for level 'ServerLevel[world]'/minecraft:the_nether
[15Sep2025 00:11:40.584] [Server thread/INFO] [net.minecraft.server.MinecraftServer/]: Saving chunks for level 'ServerLevel[world]'/ad_astra:mars_orbit
[15Sep2025 00:11:40.585] [Server thread/INFO] [net.minecraft.server.MinecraftServer/]: Saving chunks for level 'ServerLevel[world]'/ad_astra:moon
[15Sep2025 00:11:40.586] [Server thread/INFO] [net.minecraft.server.MinecraftServer/]: Saving chunks for level 'ServerLevel[world]'/ad_astra:mercury
[15Sep2025 00:11:40.587] [Server thread/INFO] [net.minecraft.server.MinecraftServer/]: Saving chunks for level 'ServerLevel[world]'/ad_astra:venus_orbit
[15Sep2025 00:11:40.587] [Server thread/INFO] [net.minecraft.server.MinecraftServer/]: Saving chunks for level 'ServerLevel[world]'/ad_astra:venus
[15Sep2025 00:11:40.588] [Server thread/INFO] [net.minecraft.server.MinecraftServer/]: Saving chunks for level 'ServerLevel[world]'/ad_astra:glacio_orbit
[15Sep2025 00:11:40.719] [Server thread/INFO] [net.minecraft.server.MinecraftServer/]: ThreadedAnvilChunkStorage (world): All chunks are saved
[15Sep2025 00:11:40.719] [Server thread/INFO] [net.minecraft.server.MinecraftServer/]: ThreadedAnvilChunkStorage (moon_orbit): All chunks are saved
[15Sep2025 00:11:40.720] [Server thread/INFO] [net.minecraft.server.MinecraftServer/]: ThreadedAnvilChunkStorage (earth_orbit): All chunks are saved
[15Sep2025 00:11:40.720] [Server thread/INFO] [net.minecraft.server.MinecraftServer/]: ThreadedAnvilChunkStorage (glacio): All chunks are saved
[15Sep2025 00:11:40.720] [Server thread/INFO] [net.minecraft.server.MinecraftServer/]: ThreadedAnvilChunkStorage (mercury_orbit): All chunks are saved
[15Sep2025 00:11:40.720] [Server thread/INFO] [net.minecraft.server.MinecraftServer/]: ThreadedAnvilChunkStorage (DIM1): All chunks are saved
[15Sep2025 00:11:40.720] [Server thread/INFO] [net.minecraft.server.MinecraftServer/]: ThreadedAnvilChunkStorage (mars): All chunks are saved
[15Sep2025 00:11:40.720] [Server thread/INFO] [net.minecraft.server.MinecraftServer/]: ThreadedAnvilChunkStorage (DIM-1): All chunks are saved
[15Sep2025 00:11:40.720] [Server thread/INFO] [net.minecraft.server.MinecraftServer/]: ThreadedAnvilChunkStorage (mars_orbit): All chunks are saved
[15Sep2025 00:11:40.720] [Server thread/INFO] [net.minecraft.server.MinecraftServer/]: ThreadedAnvilChunkStorage (moon): All chunks are saved
[15Sep2025 00:11:40.721] [Server thread/INFO] [net.minecraft.server.MinecraftServer/]: ThreadedAnvilChunkStorage (mercury): All chunks are saved
[15Sep2025 00:11:40.721] [Server thread/INFO] [net.minecraft.server.MinecraftServer/]: ThreadedAnvilChunkStorage (venus_orbit): All chunks are saved
[15Sep2025 00:11:40.721] [Server thread/INFO] [net.minecraft.server.MinecraftServer/]: ThreadedAnvilChunkStorage (venus): All chunks are saved
[15Sep2025 00:11:40.721] [Server thread/INFO] [net.minecraft.server.MinecraftServer/]: ThreadedAnvilChunkStorage (glacio_orbit): All chunks are saved
[15Sep2025 00:11:40.721] [Server thread/INFO] [net.minecraft.server.MinecraftServer/]: ThreadedAnvilChunkStorage: All dimensions are saved
